Determining if the pthread_create exist failed with the following output:
Change Dir: /home/akshay/Documents/zed-getColorAndDepth/depthAndColor/build/CMakeFiles/CMakeTmp

Run Build Command:"/usr/bin/make" "cmTC_ef4de/fast"
/usr/bin/make -f CMakeFiles/cmTC_ef4de.dir/build.make CMakeFiles/cmTC_ef4de.dir/build
make[1]: Entering directory '/home/akshay/Documents/zed-getColorAndDepth/depthAndColor/build/CMakeFiles/CMakeTmp'
Building C object CMakeFiles/cmTC_ef4de.dir/CheckSymbolExists.c.o
/usr/bin/cc    -fPIC    -o CMakeFiles/cmTC_ef4de.dir/CheckSymbolExists.c.o   -c /home/akshay/Documents/zed-getColorAndDepth/depthAndColor/build/CMakeFiles/CMakeTmp/CheckSymbolExists.c
Linking C executable cmTC_ef4de
/usr/bin/cmake -E cmake_link_script CMakeFiles/cmTC_ef4de.dir/link.txt --verbose=1
/usr/bin/cc  -fPIC     CMakeFiles/cmTC_ef4de.dir/CheckSymbolExists.c.o  -o cmTC_ef4de -rdynamic 
CMakeFiles/cmTC_ef4de.dir/CheckSymbolExists.c.o: In function `main':
CheckSymbolExists.c:(.text+0x1b): undefined reference to `pthread_create'
collect2: error: ld returned 1 exit status
CMakeFiles/cmTC_ef4de.dir/build.make:97: recipe for target 'cmTC_ef4de' failed
make[1]: *** [cmTC_ef4de] Error 1
make[1]: Leaving directory '/home/akshay/Documents/zed-getColorAndDepth/depthAndColor/build/CMakeFiles/CMakeTmp'
Makefile:126: recipe for target 'cmTC_ef4de/fast' failed
make: *** [cmTC_ef4de/fast] Error 2

File /home/akshay/Documents/zed-getColorAndDepth/depthAndColor/build/CMakeFiles/CMakeTmp/CheckSymbolExists.c:
/* */
#include <pthread.h>

int main(int argc, char** argv)
{
  (void)argv;
#ifndef pthread_create
  return ((int*)(&pthread_create))[argc];
#else
  (void)argc;
  return 0;
#endif
}

Determining if the function pthread_create exists in the pthreads failed with the following output:
Change Dir: /home/akshay/Documents/zed-getColorAndDepth/depthAndColor/build/CMakeFiles/CMakeTmp

Run Build Command:"/usr/bin/make" "cmTC_730f8/fast"
/usr/bin/make -f CMakeFiles/cmTC_730f8.dir/build.make CMakeFiles/cmTC_730f8.dir/build
make[1]: Entering directory '/home/akshay/Documents/zed-getColorAndDepth/depthAndColor/build/CMakeFiles/CMakeTmp'
Building C object CMakeFiles/cmTC_730f8.dir/CheckFunctionExists.c.o
/usr/bin/cc    -fPIC -DCHECK_FUNCTION_EXISTS=pthread_create   -o CMakeFiles/cmTC_730f8.dir/CheckFunctionExists.c.o   -c /usr/share/cmake-3.5/Modules/CheckFunctionExists.c
Linking C executable cmTC_730f8
/usr/bin/cmake -E cmake_link_script CMakeFiles/cmTC_730f8.dir/link.txt --verbose=1
/usr/bin/cc  -fPIC -DCHECK_FUNCTION_EXISTS=pthread_create    CMakeFiles/cmTC_730f8.dir/CheckFunctionExists.c.o  -o cmTC_730f8 -rdynamic -lpthreads 
/usr/bin/ld: cannot find -lpthreads
collect2: error: ld returned 1 exit status
CMakeFiles/cmTC_730f8.dir/build.make:97: recipe for target 'cmTC_730f8' failed
make[1]: *** [cmTC_730f8] Error 1
make[1]: Leaving directory '/home/akshay/Documents/zed-getColorAndDepth/depthAndColor/build/CMakeFiles/CMakeTmp'
Makefile:126: recipe for target 'cmTC_730f8/fast' failed
make: *** [cmTC_730f8/fast] Error 2


